
/home/runner/work/exp-minimum-spanning-iiith/exp-minimum-spanning-iiith/experiment/simulation/MST.js
   280:27  warning  'comp2' is assigned a value but never used            no-unused-vars
  1116:15  warning  'clearanceRadius' is assigned a value but never used  no-unused-vars
  1516:19  warning  'comp2' is assigned a value but never used            no-unused-vars
  1847:10  warning  'updateVertexCount' is defined but never used         no-unused-vars
  1853:10  warning  'updateEdgeDensity' is defined but never used         no-unused-vars
  1859:10  warning  'updateWeightRange' is defined but never used         no-unused-vars
  1865:10  warning  'generateNewGraph' is defined but never used          no-unused-vars
  1871:10  warning  'startKruskal' is defined but never used              no-unused-vars
  1877:10  warning  'startPrim' is defined but never used                 no-unused-vars
  1883:10  warning  'resetTree' is defined but never used                 no-unused-vars
  1889:10  warning  'checkSpanningTree' is defined but never used         no-unused-vars
  1895:10  warning  'startAutoSolve' is defined but never used            no-unused-vars
  1901:10  warning  'executeNextStep' is defined but never used           no-unused-vars
  1907:10  warning  'executePrevStep' is defined but never used           no-unused-vars
  1913:10  warning  'clearUserTrace' is defined but never used            no-unused-vars
  1919:10  warning  'hideCongratsOverlay' is defined but never used       no-unused-vars

/home/runner/work/exp-minimum-spanning-iiith/exp-minimum-spanning-iiith/experiment/simulation/mobile-detection.js
  393:7   warning  'mobileDetection' is assigned a value but never used  no-unused-vars
  396:38  warning  'module' is not defined                               no-undef
  397:3   warning  'module' is not defined                               no-undef

✖ 19 problems (0 errors, 19 warnings)

